2/22/2018 5:30:21 PM	This log contains information about the import schema operation into project 'RTMS.AeroManual' on computer 'INDT4016' by user '1013238'.
2/22/2018 5:30:21 PM	Import of database schema has started.
2/22/2018 5:30:31 PM	Gathering database options
2/22/2018 5:30:31 PM	Gathering users
2/22/2018 5:30:31 PM	Gathering roles
2/22/2018 5:30:31 PM	Gathering application roles
2/22/2018 5:30:31 PM	Gathering role memberships
2/22/2018 5:30:31 PM	Gathering filegroups
2/22/2018 5:30:31 PM	Gathering full-text catalogs
2/22/2018 5:30:31 PM	Gathering assemblies
2/22/2018 5:30:31 PM	Gathering certificates
2/22/2018 5:30:31 PM	Gathering asymmetric keys
2/22/2018 5:30:31 PM	Gathering symmetric keys
2/22/2018 5:30:31 PM	Gathering encrypted symmetric keys
2/22/2018 5:30:31 PM	Gathering schemas
2/22/2018 5:30:31 PM	Gathering XML schema collections
2/22/2018 5:30:31 PM	Gathering user-defined data types
2/22/2018 5:30:31 PM	Gathering user-defined types
2/22/2018 5:30:31 PM	Gathering table types
2/22/2018 5:30:31 PM	Gathering unique keys for table types
2/22/2018 5:30:31 PM	Gathering primary keys for table types
2/22/2018 5:30:31 PM	Gathering indexes for table types
2/22/2018 5:30:31 PM	Gathering check constraints for table types
2/22/2018 5:30:31 PM	Gathering default constraints for table types
2/22/2018 5:30:31 PM	Gathering partition functions
2/22/2018 5:30:31 PM	Gathering partition schemes
2/22/2018 5:30:31 PM	Gathering functions
2/22/2018 5:30:31 PM	Gathering encrypted functions
2/22/2018 5:30:31 PM	Gathering aggregates
2/22/2018 5:30:31 PM	Gathering procedures
2/22/2018 5:30:31 PM	Gathering encrypted procedures
2/22/2018 5:30:31 PM	Gathering tables
2/22/2018 5:30:31 PM	Gathering primary keys
2/22/2018 5:30:31 PM	Gathering unique constraints
2/22/2018 5:30:31 PM	Gathering foreign keys
2/22/2018 5:30:31 PM	Gathering default constraints
2/22/2018 5:30:31 PM	Gathering check constraints
2/22/2018 5:30:31 PM	Gathering views
2/22/2018 5:30:31 PM	Gathering encrypted views
2/22/2018 5:30:31 PM	Gathering indexes
2/22/2018 5:30:31 PM	Gathering statistics
2/22/2018 5:30:31 PM	Gathering full-text index stoplists
2/22/2018 5:30:31 PM	Gathering search property lists
2/22/2018 5:30:31 PM	Gathering search properties
2/22/2018 5:30:31 PM	Gathering full-text indexes
2/22/2018 5:30:31 PM	Gathering column store indexes
2/22/2018 5:30:31 PM	Gathering spatial indexes
2/22/2018 5:30:31 PM	Gathering XML indexes
2/22/2018 5:30:31 PM	Gathering Selective XML indexes
2/22/2018 5:30:31 PM	Gathering encrypted triggers
2/22/2018 5:30:31 PM	Gathering triggers
2/22/2018 5:30:31 PM	Gathering encrypted and clr ddl triggers
2/22/2018 5:30:31 PM	Gathering ddl triggers
2/22/2018 5:30:31 PM	Gathering synonyms
2/22/2018 5:30:31 PM	Gathering defaults
2/22/2018 5:30:31 PM	Gathering data constraint uddt bindings
2/22/2018 5:30:31 PM	Gathering rules
2/22/2018 5:30:31 PM	Gathering data constraint uddt bindings
2/22/2018 5:30:31 PM	Gathering message types
2/22/2018 5:30:31 PM	Gathering queues
2/22/2018 5:30:31 PM	Gathering contracts
2/22/2018 5:30:31 PM	Gathering services
2/22/2018 5:30:31 PM	Gathering event notifications
2/22/2018 5:30:31 PM	Gathering remote service bindings
2/22/2018 5:30:31 PM	Gathering broker priorities
2/22/2018 5:30:31 PM	Gathering signatures
2/22/2018 5:30:31 PM	Gathering data compression options
2/22/2018 5:30:31 PM	Gathering sequence types
2/22/2018 5:30:31 PM	Gathering database permissions
2/22/2018 5:30:31 PM	Gathering extended properties
2/22/2018 5:30:31 PM	Gathering credentials
2/22/2018 5:30:31 PM	Gathering logins
2/22/2018 5:30:31 PM	Gathering server audits
2/22/2018 5:30:32 PM	Scanning project for duplicate elements
2/22/2018 5:30:32 PM	Finished duplicate element processing
2/22/2018 5:30:32 PM	Finished importing database.
2/22/2018 5:30:32 PM	A summary of the import was saved to the following location: c:\users\1013238\documents\visual studio 2015\Projects\RTMS.AeroManual\RTMS.AeroManual\Import Schema Logs\RTMS.AeroManual_20180222120021.log
2/22/2018 5:30:32 PM	Click Finish to continue...
